[debug] [2024-01-30T19:11:32.054Z] ----------------------------------------------------------------------
[debug] [2024-01-30T19:11:32.061Z] Command:       C:\Program Files\nodejs\node.exe C:\Users\junior\AppData\Roaming\npm\node_modules\firebase-tools\lib\bin\firebase.js init
[debug] [2024-01-30T19:11:32.062Z] CLI Version:   13.1.0
[debug] [2024-01-30T19:11:32.063Z] Platform:      win32
[debug] [2024-01-30T19:11:32.064Z] Node Version:  v20.10.0
[debug] [2024-01-30T19:11:32.064Z] Time:          Tue Jan 30 2024 16:11:32 GMT-0300 (Horário Padrão de Brasília)
[debug] [2024-01-30T19:11:32.064Z] ----------------------------------------------------------------------
[debug] 
[debug] [2024-01-30T19:11:32.081Z] > command requires scopes: ["email","openid","https://www.googleapis.com/auth/cloudplatformprojects.readonly","https://www.googleapis.com/auth/firebase","https://www.googleapis.com/auth/cloud-platform"]
[debug] [2024-01-30T19:11:32.083Z] > authorizing via signed-in user (joaquimblack66@gmail.com)
[info] 
     ######## #### ########  ######## ########     ###     ######  ########
     ##        ##  ##     ## ##       ##     ##  ##   ##  ##       ##
     ######    ##  ########  ######   ########  #########  ######  ######
     ##        ##  ##    ##  ##       ##     ## ##     ##       ## ##
     ##       #### ##     ## ######## ########  ##     ##  ######  ########

You're about to initialize a Firebase project in this directory:

  C:\Users\junior\Documents\lojaseguimentos\html

[info] 
=== Project Setup
[info] 
[info] First, let's associate this project directory with a Firebase project.
[info] You can create multiple project aliases by running firebase use --add, 
[info] but for now we'll just set up a default project.
[info] 
[debug] [2024-01-30T19:11:56.853Z] >>> [apiv2][query] GET https://firebase.googleapis.com/v1beta1/projects pageSize=100
[debug] [2024-01-30T19:11:57.719Z] <<< [apiv2][status] GET https://firebase.googleapis.com/v1beta1/projects 200
[debug] [2024-01-30T19:11:57.719Z] <<< [apiv2][body] GET https://firebase.googleapis.com/v1beta1/projects [omitted]
[info] i  Using project loja-de-seguimentos (Loja de Seguimentos) 
[info] 
=== Hosting Setup
[debug] [2024-01-30T19:12:02.989Z] >>> [apiv2][query] GET https://firebase.googleapis.com/v1beta1/projects/loja-de-seguimentos [none]
[debug] [2024-01-30T19:12:03.408Z] <<< [apiv2][status] GET https://firebase.googleapis.com/v1beta1/projects/loja-de-seguimentos 200
[debug] [2024-01-30T19:12:03.409Z] <<< [apiv2][body] GET https://firebase.googleapis.com/v1beta1/projects/loja-de-seguimentos {"projectId":"loja-de-seguimentos","projectNumber":"895991650423","displayName":"Loja de Seguimentos","name":"projects/loja-de-seguimentos","resources":{"hostingSite":"loja-de-seguimentos"},"state":"ACTIVE","etag":"1_812e409f-7154-4659-b76e-3f254164bc2b"}
[info] 
[info] Your public directory is the folder (relative to your project directory) that
[info] will contain Hosting assets to be uploaded with firebase deploy. If you
[info] have a build process for your assets, use your build's output directory.
[info] 
[debug] [2024-01-30T19:13:07.366Z] >>> [apiv2][query] GET https://www.gstatic.com/firebasejs/releases.json [none]
[debug] [2024-01-30T19:13:07.541Z] <<< [apiv2][status] GET https://www.gstatic.com/firebasejs/releases.json 200
[debug] [2024-01-30T19:13:07.542Z] <<< [apiv2][body] GET https://www.gstatic.com/firebasejs/releases.json {"current":{"version":"10.7.2","browserURL":"https://www.gstatic.com/firebasejs/10.7.2/firebase.js","packageURL":"https://www.gstatic.com/firebasejs/10.7.2/firebase.tgz"},"live":{"version":"10.7","browserURL":"https://www.gstatic.com/firebasejs/live/10.7/firebase.js","packageURL":"https://www.gstatic.com/firebasejs/live/10.7/firebase.tgz"},"components":{"analytics":"https://www.gstatic.com/firebasejs/10.7.2/firebase-analytics.js","app":"https://www.gstatic.com/firebasejs/10.7.2/firebase-app.js","app-check":"https://www.gstatic.com/firebasejs/10.7.2/firebase-app-check.js","auth":"https://www.gstatic.com/firebasejs/10.7.2/firebase-auth.js","auth/cordova":"https://www.gstatic.com/firebasejs/10.7.2/firebase-auth/cordova.js","functions":"https://www.gstatic.com/firebasejs/10.7.2/firebase-functions.js","firestore":"https://www.gstatic.com/firebasejs/10.7.2/firebase-firestore.js","firestore/lite":"https://www.gstatic.com/firebasejs/10.7.2/firebase-firestore/lite.js","installations":"https://www.gstatic.com/firebasejs/10.7.2/firebase-installations.js","storage":"https://www.gstatic.com/firebasejs/10.7.2/firebase-storage.js","performance":"https://www.gstatic.com/firebasejs/10.7.2/firebase-performance.js","remote-config":"https://www.gstatic.com/firebasejs/10.7.2/firebase-remote-config.js","messaging":"https://www.gstatic.com/firebasejs/10.7.2/firebase-messaging.js","messaging/sw":"https://www.gstatic.com/firebasejs/10.7.2/firebase-messaging/sw.js","database":"https://www.gstatic.com/firebasejs/10.7.2/firebase-database.js","firestore.memory":"https://www.gstatic.com/firebasejs/10.7.2/firebase-firestore.memory.js"}}
[info] +  Wrote joaquimprogramador123/index.html 
[info] 
[info] i  Detected a .git folder at C:\Users\junior\Documents\lojaseguimentos\html 
[info] i  Authorizing with GitHub to upload your service account to a GitHub repository's secrets store. 
[info] 
[info] Visit this URL on this device to log in:
[info] https://github.com/login/oauth/authorize?client_id=89cf50f02ac6aaed3484&state=818378626&redirect_uri=http%3A%2F%2Flocalhost%3A9005&scope=read%3Auser%20repo%20public_repo
[info] 
[info] Waiting for authentication...
[debug] [2024-01-30T19:13:09.052Z] >>> [apiv2][query] POST https://github.com/login/oauth/access_token [none]
[debug] [2024-01-30T19:13:09.053Z] >>> [apiv2][body] POST https://github.com/login/oauth/access_token [stream]
[debug] [2024-01-30T19:13:09.368Z] <<< [apiv2][status] POST https://github.com/login/oauth/access_token 200
[debug] [2024-01-30T19:13:09.369Z] <<< [apiv2][body] POST https://github.com/login/oauth/access_token {"access_token":"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","token_type":"bearer","scope":"read:user,repo"}
[debug] [2024-01-30T19:13:09.393Z] >>> [apiv2][query] GET https://api.github.com/user [none]
[debug] [2024-01-30T19:13:09.906Z] <<< [apiv2][status] GET https://api.github.com/user 200
[debug] [2024-01-30T19:13:09.907Z] <<< [apiv2][body] GET https://api.github.com/user {"login":"joaquimprogramer123","id":157795490,"node_id":"U_kgDOCWfEog","avatar_url":"https://avatars.githubusercontent.com/u/157795490?v=4","gravatar_id":"","url":"https://api.github.com/users/joaquimprogramer123","html_url":"https://github.com/joaquimprogramer123","followers_url":"https://api.github.com/users/joaquimprogramer123/followers","following_url":"https://api.github.com/users/joaquimprogramer123/following{/other_user}","gists_url":"https://api.github.com/users/joaquimprogramer123/gists{/gist_id}","starred_url":"https://api.github.com/users/joaquimprogramer123/starred{/owner}{/repo}","subscriptions_url":"https://api.github.com/users/joaquimprogramer123/subscriptions","organizations_url":"https://api.github.com/users/joaquimprogramer123/orgs","repos_url":"https://api.github.com/users/joaquimprogramer123/repos","events_url":"https://api.github.com/users/joaquimprogramer123/events{/privacy}","received_events_url":"https://api.github.com/users/joaquimprogramer123/received_events","type":"User","site_admin":false,"name":null,"company":null,"blog":"","location":null,"email":null,"hireable":null,"bio":null,"twitter_username":null,"public_repos":1,"public_gists":0,"followers":0,"following":0,"created_at":"2024-01-26T09:28:48Z","updated_at":"2024-01-29T16:15:50Z","private_gists":0,"total_private_repos":0,"owned_private_repos":0,"disk_usage":8643,"collaborators":0,"two_factor_authentication":false,"plan":{"name":"free","space":976562499,"collaborators":0,"private_repos":10000}}
[info] 
[info] +  Success! Logged into GitHub as joaquimprogramer123 
[info] 
[debug] [2024-01-30T19:13:30.359Z] >>> [apiv2][query] GET https://api.github.com/repos/joaquimprogramador123/actions/secrets/public-key type=owner
[debug] [2024-01-30T19:13:30.366Z] >>> [apiv2][query] GET https://api.github.com/repos///actions/secrets/public-key type=owner
[debug] [2024-01-30T19:13:30.372Z] >>> [apiv2][query] GET https://api.github.com/repos/Maria Faxina/actions/secrets/public-key type=owner
[debug] [2024-01-30T19:13:30.378Z] >>> [apiv2][query] GET https://api.github.com/repos//actions/secrets/public-key type=owner
[debug] [2024-01-30T19:13:30.626Z] <<< [apiv2][status] GET https://api.github.com/repos/joaquimprogramador123/actions/secrets/public-key 404
[debug] [2024-01-30T19:13:30.626Z] <<< [apiv2][body] GET https://api.github.com/repos/joaquimprogramador123/actions/secrets/public-key {"message":"Not Found","documentation_url":"https://docs.github.com/rest"}
[info] 
[info] 
[error] !  The provided authorization cannot be used with this repository. If this repository is in an organization, did you remember to grant access? 
[info] 
[info] i  Action required: Visit this URL to ensure access has been granted to the appropriate organization(s) for the Firebase CLI GitHub OAuth App: 
[info] https://github.com/settings/connections/applications/89cf50f02ac6aaed3484
[info] 
[debug] [2024-01-30T19:13:30.639Z] <<< [apiv2][status] GET https://api.github.com/repos///actions/secrets/public-key 404
[debug] [2024-01-30T19:13:30.640Z] <<< [apiv2][body] GET https://api.github.com/repos///actions/secrets/public-key {"message":"Not Found","documentation_url":"https://docs.github.com/rest"}
[info] 
[info] 
[error] !  The provided authorization cannot be used with this repository. If this repository is in an organization, did you remember to grant access? 
[info] 
[info] i  Action required: Visit this URL to ensure access has been granted to the appropriate organization(s) for the Firebase CLI GitHub OAuth App: 
[info] https://github.com/settings/connections/applications/89cf50f02ac6aaed3484
[info] 
[debug] [2024-01-30T19:13:30.656Z] <<< [apiv2][status] GET https://api.github.com/repos/Maria Faxina/actions/secrets/public-key 404
[debug] [2024-01-30T19:13:30.656Z] <<< [apiv2][body] GET https://api.github.com/repos/Maria Faxina/actions/secrets/public-key {"message":"Not Found","documentation_url":"https://docs.github.com/rest"}
[info] 
[info] 
[error] !  The provided authorization cannot be used with this repository. If this repository is in an organization, did you remember to grant access? 
[info] 
[info] i  Action required: Visit this URL to ensure access has been granted to the appropriate organization(s) for the Firebase CLI GitHub OAuth App: 
[info] https://github.com/settings/connections/applications/89cf50f02ac6aaed3484
[info] 
[debug] [2024-01-30T19:13:30.955Z] <<< [apiv2][status] GET https://api.github.com/repos//actions/secrets/public-key 404
[debug] [2024-01-30T19:13:30.955Z] <<< [apiv2][body] GET https://api.github.com/repos//actions/secrets/public-key {"message":"Not Found","documentation_url":"https://docs.github.com/rest"}
[info] 
[info] 
[error] !  The provided authorization cannot be used with this repository. If this repository is in an organization, did you remember to grant access? 
[info] 
[info] i  Action required: Visit this URL to ensure access has been granted to the appropriate organization(s) for the Firebase CLI GitHub OAuth App: 
[info] https://github.com/settings/connections/applications/89cf50f02ac6aaed3484
[info] 
[debug] [2024-01-30T19:14:38.131Z] >>> [apiv2][query] GET https://api.github.com/repos/joaquimprogramer123/actions/secrets/public-key type=owner
[debug] [2024-01-30T19:14:38.137Z] >>> [apiv2][query] GET https://api.github.com/repos///actions/secrets/public-key type=owner
[debug] [2024-01-30T19:14:38.424Z] <<< [apiv2][status] GET https://api.github.com/repos///actions/secrets/public-key 404
[debug] [2024-01-30T19:14:38.424Z] <<< [apiv2][body] GET https://api.github.com/repos///actions/secrets/public-key {"message":"Not Found","documentation_url":"https://docs.github.com/rest"}
[info] 
[info] 
[error] !  The provided authorization cannot be used with this repository. If this repository is in an organization, did you remember to grant access? 
[info] 
[info] i  Action required: Visit this URL to ensure access has been granted to the appropriate organization(s) for the Firebase CLI GitHub OAuth App: 
[info] https://github.com/settings/connections/applications/89cf50f02ac6aaed3484
[info] 
[debug] [2024-01-30T19:14:38.434Z] <<< [apiv2][status] GET https://api.github.com/repos/joaquimprogramer123/actions/secrets/public-key 404
[debug] [2024-01-30T19:14:38.434Z] <<< [apiv2][body] GET https://api.github.com/repos/joaquimprogramer123/actions/secrets/public-key {"message":"Not Found","documentation_url":"https://docs.github.com/rest"}
[info] 
[info] 
[error] !  The provided authorization cannot be used with this repository. If this repository is in an organization, did you remember to grant access? 
[info] 
[info] i  Action required: Visit this URL to ensure access has been granted to the appropriate organization(s) for the Firebase CLI GitHub OAuth App: 
[info] https://github.com/settings/connections/applications/89cf50f02ac6aaed3484
[info] 
[debug] [2024-01-30T19:14:43.221Z] >>> [apiv2][query] GET https://api.github.com/repos/MariaFaxina/joaquimprogramer123/actions/secrets/public-key type=owner
[debug] [2024-01-30T19:14:43.402Z] <<< [apiv2][status] GET https://api.github.com/repos/MariaFaxina/joaquimprogramer123/actions/secrets/public-key 404
[debug] [2024-01-30T19:14:43.402Z] <<< [apiv2][body] GET https://api.github.com/repos/MariaFaxina/joaquimprogramer123/actions/secrets/public-key {"message":"Not Found","documentation_url":"https://docs.github.com/rest/actions/secrets#get-a-repository-public-key"}
[info] 
[info] 
[error] !  The provided authorization cannot be used with this repository. If this repository is in an organization, did you remember to grant access? 
[info] 
[info] i  Action required: Visit this URL to ensure access has been granted to the appropriate organization(s) for the Firebase CLI GitHub OAuth App: 
[info] https://github.com/settings/connections/applications/89cf50f02ac6aaed3484
[info] 
[debug] [2024-01-30T19:14:49.940Z] >>> [apiv2][query] GET https://api.github.com/repos/MariaFaxina/joaquimprogramer123/actions/secrets/public-key type=owner
[debug] [2024-01-30T19:14:50.174Z] <<< [apiv2][status] GET https://api.github.com/repos/MariaFaxina/joaquimprogramer123/actions/secrets/public-key 404
[debug] [2024-01-30T19:14:50.175Z] <<< [apiv2][body] GET https://api.github.com/repos/MariaFaxina/joaquimprogramer123/actions/secrets/public-key {"message":"Not Found","documentation_url":"https://docs.github.com/rest/actions/secrets#get-a-repository-public-key"}
[info] 
[info] 
[error] !  The provided authorization cannot be used with this repository. If this repository is in an organization, did you remember to grant access? 
[info] 
[info] i  Action required: Visit this URL to ensure access has been granted to the appropriate organization(s) for the Firebase CLI GitHub OAuth App: 
[info] https://github.com/settings/connections/applications/89cf50f02ac6aaed3484
[info] 
[debug] [2024-01-30T19:31:23.199Z] >>> [apiv2][query] GET https://api.github.com/repos/MariaFaxina/joaquimprogramer123/actions/secrets/public-key type=owner
[debug] [2024-01-30T19:31:23.517Z] <<< [apiv2][status] GET https://api.github.com/repos/MariaFaxina/joaquimprogramer123/actions/secrets/public-key 404
[debug] [2024-01-30T19:31:23.517Z] <<< [apiv2][body] GET https://api.github.com/repos/MariaFaxina/joaquimprogramer123/actions/secrets/public-key {"message":"Not Found","documentation_url":"https://docs.github.com/rest/actions/secrets#get-a-repository-public-key"}
[info] 
[info] 
[error] !  The provided authorization cannot be used with this repository. If this repository is in an organization, did you remember to grant access? 
[info] 
[info] i  Action required: Visit this URL to ensure access has been granted to the appropriate organization(s) for the Firebase CLI GitHub OAuth App: 
[info] https://github.com/settings/connections/applications/89cf50f02ac6aaed3484
[info] 
[debug] [2024-01-30T19:40:54.616Z] >>> [apiv2][query] GET https://api.github.com/repos/MariaFaxina/joaquimprogramer123/actions/secrets/public-key type=owner
[debug] [2024-01-30T19:40:54.882Z] <<< [apiv2][status] GET https://api.github.com/repos/MariaFaxina/joaquimprogramer123/actions/secrets/public-key 401
[debug] [2024-01-30T19:40:54.882Z] <<< [apiv2][body] GET https://api.github.com/repos/MariaFaxina/joaquimprogramer123/actions/secrets/public-key {"message":"Bad credentials","documentation_url":"https://docs.github.com/rest"}
[debug] [2024-01-30T19:40:58.356Z] >>> [apiv2][query] GET https://api.github.com/repos/MariaFaxina/joaquimprogramer123/actions/secrets/public-key type=owner
[debug] [2024-01-30T19:40:58.519Z] <<< [apiv2][status] GET https://api.github.com/repos/MariaFaxina/joaquimprogramer123/actions/secrets/public-key 401
[debug] [2024-01-30T19:40:58.519Z] <<< [apiv2][body] GET https://api.github.com/repos/MariaFaxina/joaquimprogramer123/actions/secrets/public-key {"message":"Bad credentials","documentation_url":"https://docs.github.com/rest"}
[debug] [2024-01-30T19:40:58.754Z] >>> [apiv2][query] GET https://api.github.com/repos/MariaFaxina/joaquimprogramer123/actions/secrets/public-key type=owner
[debug] [2024-01-30T19:40:58.910Z] <<< [apiv2][status] GET https://api.github.com/repos/MariaFaxina/joaquimprogramer123/actions/secrets/public-key 401
[debug] [2024-01-30T19:40:58.910Z] <<< [apiv2][body] GET https://api.github.com/repos/MariaFaxina/joaquimprogramer123/actions/secrets/public-key {"message":"Bad credentials","documentation_url":"https://docs.github.com/rest"}
